<?xml version="1.0" encoding="UTF-8"?>
<!-- Generated by org.testng.reporters.JUnitXMLReporter -->
<testsuite ignored="12" hostname="LTIN219977" failures="0" tests="33" name="smoke" time="359.531" errors="0" timestamp="2021-10-11T11:39:02 IST">
  <testcase classname="com.defects.tests.LoginTest" name="Login" time="8.442"/>
  <testcase classname="com.defects.tests.LoginTest" name="navigateToDefectsPage" time="12.015"/>
  <testcase classname="com.defects.tests.AddDefectTest" name="openAddDefectPage" time="4.845"/>
  <testcase classname="com.defects.tests.AddDefectTest" name="fillDetails" time="56.835"/>
  <testcase classname="com.defects.tests.CommentsTest" name="navigateToCommentsTab" time="32.522"/>
  <testcase classname="com.defects.tests.CommentsTest" name="postComment" time="3.012"/>
  <testcase classname="com.defects.tests.CommentsTest" name="replyComment" time="3.141"/>
  <testcase classname="com.defects.tests.AttachmentsTest" name="attachmentsTabNavigate" time="31.908"/>
  <testcase classname="com.defects.tests.AttachmentsTest" name="test" time="0.084"/>
  <testcase classname="com.defects.tests.AttachmentsTest" name="test" time="0.065"/>
  <testcase classname="com.defects.tests.AttachmentsTest" name="test" time="3.067"/>
  <testcase classname="com.defects.tests.AttachmentsTest" name="test" time="0.063"/>
  <testcase classname="com.defects.tests.AttachmentsTest" name="test" time="1.376"/>
  <testcase classname="com.defects.tests.AttachmentsTest" name="test" time="0.058"/>
  <testcase classname="com.defects.tests.AttachmentsTest" name="test" time="1.438"/>
  <testcase classname="com.defects.tests.AttachmentsTest" name="test" time="0.054"/>
  <testcase classname="com.defects.tests.AttachmentsTest" name="test" time="1.725"/>
  <testcase classname="com.defects.tests.AttachmentsTest" name="test" time="0.062"/>
  <testcase classname="com.defects.tests.AttachmentsTest" name="test" time="1.371"/>
  <testcase classname="com.defects.tests.AttachmentsTest" name="test" time="0.056"/>
  <testcase classname="com.defects.tests.AttachmentsTest" name="singleAttachmentDelete" time="14.427"/>
  <testcase classname="com.defects.tests.AttachmentsTest" name="allAttachmentDelete" time="5.419"/>
  <testcase classname="com.defects.tests.PreviousVersionsTest" name="navigateToPreviousVersions" time="32.723"/>
  <testcase classname="com.defects.tests.PreviousVersionsTest" name="invalidVersionDifference" time="2.662"/>
  <testcase classname="com.defects.tests.PreviousVersionsTest" name="VersionDifference" time="19.44"/>
  <testcase classname="com.defects.tests.FiltersTest" name="defectHomePageFunctionalities" time="14.549"/>
  <testcase classname="com.defects.tests.FiltersTest" name="CreateInvalidFilter" time="5.672"/>
  <testcase classname="com.defects.tests.FiltersTest" name="CreateFilter" time="8.628"/>
  <testcase classname="com.defects.tests.FiltersTest" name="EditFilter" time="8.322"/>
  <testcase classname="com.defects.tests.FiltersTest" name="clearFilter" time="1.031"/>
  <testcase classname="com.defects.tests.TableViewTest" name="createInvalidTable" time="2.095"/>
  <testcase classname="com.defects.tests.TableViewTest" name="createValidTable" time="3.677"/>
  <testcase classname="com.defects.tests.TableViewTest" name="EditTable" time="5.671"/>
  <testcase classname="com.defects.tests.SuiteClass" name="@BeforeSuite setup" time="0.0">
    <ignored/>
  </testcase> <!-- @BeforeSuite setup -->
  <testcase classname="com.defects.tests.SuiteClass" name="@BeforeSuite setup" time="0.0">
    <ignored/>
  </testcase> <!-- @BeforeSuite setup -->
  <testcase classname="com.defects.tests.SuiteClass" name="@BeforeSuite setup" time="0.0">
    <ignored/>
  </testcase> <!-- @BeforeSuite setup -->
  <testcase classname="com.defects.tests.SuiteClass" name="@BeforeSuite setup" time="0.0">
    <ignored/>
  </testcase> <!-- @BeforeSuite setup -->
  <testcase classname="com.defects.tests.SuiteClass" name="@BeforeSuite setup" time="0.0">
    <ignored/>
  </testcase> <!-- @BeforeSuite setup -->
  <testcase classname="com.defects.tests.SuiteClass" name="@BeforeSuite setup" time="0.0">
    <ignored/>
  </testcase> <!-- @BeforeSuite setup -->
  <testcase classname="com.defects.tests.SuiteClass" name="@AfterSuite close" time="0.0">
    <ignored/>
  </testcase> <!-- @AfterSuite close -->
  <testcase classname="com.defects.tests.SuiteClass" name="@AfterSuite close" time="0.0">
    <ignored/>
  </testcase> <!-- @AfterSuite close -->
  <testcase classname="com.defects.tests.SuiteClass" name="@AfterSuite close" time="0.0">
    <ignored/>
  </testcase> <!-- @AfterSuite close -->
  <testcase classname="com.defects.tests.SuiteClass" name="@AfterSuite close" time="0.0">
    <ignored/>
  </testcase> <!-- @AfterSuite close -->
  <testcase classname="com.defects.tests.SuiteClass" name="@AfterSuite close" time="0.0">
    <ignored/>
  </testcase> <!-- @AfterSuite close -->
  <testcase classname="com.defects.tests.SuiteClass" name="@AfterSuite close" time="0.0">
    <ignored/>
  </testcase> <!-- @AfterSuite close -->
</testsuite> <!-- smoke -->
