<?xml version="1.0" encoding="UTF-8"?>
<testng-results ignored="4" total="11" passed="7" failed="0" skipped="0">
  <reporter-output>
  </reporter-output>
  <suite started-at="2021-10-09T18:21:07 IST" name="Smoke" finished-at="2021-10-09T18:23:35 IST" duration-ms="148078">
    <groups>
    </groups>
    <test started-at="2021-10-09T18:21:07 IST" name="smoke" finished-at="2021-10-09T18:23:35 IST" duration-ms="148078">
      <class name="com.defects.tests.AddDefectTest">
        <test-method is-config="true" signature="before()[pri:0, instance:com.defects.tests.AddDefectTest@17bffc17]" started-at="2021-10-09T18:21:48 IST" name="before" finished-at="2021-10-09T18:21:48 IST" duration-ms="7" status="PASS">
          <reporter-output>
          </reporter-output>
        </test-method> <!-- before -->
        <test-method signature="openAddDefectPage()[pri:1, instance:com.defects.tests.AddDefectTest@17bffc17]" started-at="2021-10-09T18:21:48 IST" name="openAddDefectPage" finished-at="2021-10-09T18:21:52 IST" duration-ms="4612" status="PASS">
          <reporter-output>
          </reporter-output>
        </test-method> <!-- openAddDefectPage -->
        <test-method signature="fillDetails()[pri:2, instance:com.defects.tests.AddDefectTest@17bffc17]" started-at="2021-10-09T18:21:52 IST" name="fillDetails" finished-at="2021-10-09T18:22:47 IST" duration-ms="54653" status="PASS">
          <reporter-output>
          </reporter-output>
        </test-method> <!-- fillDetails -->
      </class> <!-- com.defects.tests.AddDefectTest -->
      <class name="com.defects.tests.CommentsTest">
        <test-method is-config="true" signature="openDefect()[pri:0, instance:com.defects.tests.CommentsTest@6e535154]" started-at="2021-10-09T18:22:47 IST" name="openDefect" finished-at="2021-10-09T18:22:57 IST" duration-ms="10150" status="PASS">
          <reporter-output>
          </reporter-output>
        </test-method> <!-- openDefect -->
        <test-method signature="navigateToCommentsTab()[pri:1, instance:com.defects.tests.CommentsTest@6e535154]" started-at="2021-10-09T18:22:57 IST" name="navigateToCommentsTab" finished-at="2021-10-09T18:23:30 IST" duration-ms="32426" status="PASS">
          <reporter-output>
          </reporter-output>
        </test-method> <!-- navigateToCommentsTab -->
        <test-method signature="postComment()[pri:2, instance:com.defects.tests.CommentsTest@6e535154]" started-at="2021-10-09T18:23:30 IST" name="postComment" finished-at="2021-10-09T18:23:32 IST" duration-ms="2857" status="PASS">
          <reporter-output>
          </reporter-output>
        </test-method> <!-- postComment -->
        <test-method signature="replyComment()[pri:3, instance:com.defects.tests.CommentsTest@6e535154]" started-at="2021-10-09T18:23:32 IST" name="replyComment" finished-at="2021-10-09T18:23:35 IST" duration-ms="2888" status="PASS">
          <reporter-output>
          </reporter-output>
        </test-method> <!-- replyComment -->
      </class> <!-- com.defects.tests.CommentsTest -->
      <class name="com.defects.tests.LoginTest">
        <test-method is-config="true" signature="setup()[pri:0, instance:com.defects.tests.LoginTest@3cce5371]" started-at="2021-10-09T18:21:01 IST" name="setup" finished-at="2021-10-09T18:21:07 IST" duration-ms="6081" status="PASS">
          <reporter-output>
          </reporter-output>
        </test-method> <!-- setup -->
        <test-method signature="Login()[pri:1, instance:com.defects.tests.LoginTest@3cce5371]" started-at="2021-10-09T18:21:07 IST" name="Login" finished-at="2021-10-09T18:21:39 IST" duration-ms="31239" status="PASS">
          <reporter-output>
          </reporter-output>
        </test-method> <!-- Login -->
        <test-method signature="navigateToDefectsPage()[pri:2, instance:com.defects.tests.LoginTest@3cce5371]" started-at="2021-10-09T18:21:39 IST" name="navigateToDefectsPage" finished-at="2021-10-09T18:21:48 IST" duration-ms="9173" status="PASS">
          <reporter-output>
          </reporter-output>
        </test-method> <!-- navigateToDefectsPage -->
        <test-method is-config="true" signature="close()[pri:0, instance:com.defects.tests.LoginTest@3cce5371]" started-at="2021-10-09T18:23:35 IST" name="close" finished-at="2021-10-09T18:23:37 IST" duration-ms="1147" status="PASS">
          <reporter-output>
          </reporter-output>
        </test-method> <!-- close -->
      </class> <!-- com.defects.tests.LoginTest -->
    </test> <!-- smoke -->
  </suite> <!-- Smoke -->
</testng-results>
