<?xml version="1.0" encoding="UTF-8"?>
<testng-results ignored="0" total="1" passed="1" failed="0" skipped="0">
  <reporter-output>
  </reporter-output>
  <suite started-at="2021-10-08T12:17:04 IST" name="Default suite" finished-at="2021-10-08T12:17:41 IST" duration-ms="37306">
    <groups>
    </groups>
    <test started-at="2021-10-08T12:17:04 IST" name="Default test" finished-at="2021-10-08T12:17:41 IST" duration-ms="37306">
      <class name="com.defects.tests.LoginTest">
        <test-method is-config="true" signature="setup()[pri:0, instance:com.defects.tests.LoginTest@28194a50]" started-at="2021-10-08T12:16:58 IST" name="setup" finished-at="2021-10-08T12:17:04 IST" duration-ms="5856" status="PASS">
          <reporter-output>
          </reporter-output>
        </test-method> <!-- setup -->
        <test-method signature="Login()[pri:0, instance:com.defects.tests.LoginTest@28194a50]" started-at="2021-10-08T12:17:04 IST" name="Login" finished-at="2021-10-08T12:17:39 IST" duration-ms="35689" status="PASS">
          <reporter-output>
          </reporter-output>
        </test-method> <!-- Login -->
        <test-method is-config="true" signature="afterTest()[pri:0, instance:com.defects.tests.LoginTest@28194a50]" started-at="2021-10-08T12:17:40 IST" name="afterTest" finished-at="2021-10-08T12:17:41 IST" duration-ms="1568" status="PASS">
          <reporter-output>
          </reporter-output>
        </test-method> <!-- afterTest -->
        <test-method is-config="true" signature="teardown()[pri:0, instance:com.defects.tests.LoginTest@28194a50]" started-at="2021-10-08T12:17:41 IST" name="teardown" finished-at="2021-10-08T12:17:41 IST" duration-ms="0" status="PASS">
          <reporter-output>
          </reporter-output>
        </test-method> <!-- teardown -->
      </class> <!-- com.defects.tests.LoginTest -->
    </test> <!-- Default test -->
  </suite> <!-- Default suite -->
</testng-results>
