<?xml version="1.0" encoding="UTF-8"?>
<testng-results ignored="0" total="2" passed="2" failed="0" skipped="0">
  <reporter-output>
  </reporter-output>
  <suite started-at="2021-10-07T08:12:41Z" name="Default suite" finished-at="2021-10-07T08:12:52Z" duration-ms="10356">
    <groups>
    </groups>
    <test started-at="2021-10-07T08:12:41Z" name="Default test" finished-at="2021-10-07T08:12:52Z" duration-ms="10356">
      <class name="com.defects.tests.LoginTest">
        <test-method signature="checkCheckBox()[pri:0, instance:com.defects.tests.LoginTest@7642df8f]" started-at="2021-10-07T08:12:41Z" name="checkCheckBox" finished-at="2021-10-07T08:12:46Z" duration-ms="4584" status="PASS">
          <reporter-output>
          </reporter-output>
        </test-method> <!-- checkCheckBox -->
        <test-method is-config="true" signature="afterTest()[pri:0, instance:com.defects.tests.LoginTest@7642df8f]" started-at="2021-10-07T08:12:46Z" name="afterTest" finished-at="2021-10-07T08:12:46Z" duration-ms="401" status="PASS">
          <reporter-output>
          </reporter-output>
        </test-method> <!-- afterTest -->
        <test-method signature="checkDropdown()[pri:0, instance:com.defects.tests.LoginTest@7642df8f]" started-at="2021-10-07T08:12:46Z" name="checkDropdown" finished-at="2021-10-07T08:12:51Z" duration-ms="4691" status="PASS">
          <reporter-output>
          </reporter-output>
        </test-method> <!-- checkDropdown -->
        <test-method is-config="true" signature="afterTest()[pri:0, instance:com.defects.tests.LoginTest@7642df8f]" started-at="2021-10-07T08:12:51Z" name="afterTest" finished-at="2021-10-07T08:12:52Z" duration-ms="415" status="PASS">
          <reporter-output>
          </reporter-output>
        </test-method> <!-- afterTest -->
        <test-method is-config="true" signature="endReport()[pri:0, instance:com.defects.tests.LoginTest@7642df8f]" started-at="2021-10-07T08:12:52Z" name="endReport" finished-at="2021-10-07T08:12:52Z" duration-ms="240" status="PASS">
          <reporter-output>
          </reporter-output>
        </test-method> <!-- endReport -->
      </class> <!-- com.defects.tests.LoginTest -->
    </test> <!-- Default test -->
  </suite> <!-- Default suite -->
</testng-results>
