<?xml version="1.0" encoding="UTF-8"?>
<testng-results ignored="12" total="45" passed="33" failed="0" skipped="0">
  <reporter-output>
  </reporter-output>
  <suite started-at="2021-10-11T11:33:02 IST" name="Smoke" finished-at="2021-10-11T11:39:02 IST" duration-ms="359531">
    <groups>
    </groups>
    <test started-at="2021-10-11T11:33:02 IST" name="smoke" finished-at="2021-10-11T11:39:02 IST" duration-ms="359531">
      <class name="com.defects.tests.AddDefectTest">
        <test-method is-config="true" signature="before()[pri:0, instance:com.defects.tests.AddDefectTest@431cd9b2]" started-at="2021-10-11T11:33:23 IST" name="before" finished-at="2021-10-11T11:33:23 IST" duration-ms="10" status="PASS">
          <reporter-output>
          </reporter-output>
        </test-method> <!-- before -->
        <test-method signature="openAddDefectPage()[pri:1, instance:com.defects.tests.AddDefectTest@431cd9b2]" started-at="2021-10-11T11:33:23 IST" name="openAddDefectPage" finished-at="2021-10-11T11:33:28 IST" duration-ms="4845" status="PASS">
          <reporter-output>
          </reporter-output>
        </test-method> <!-- openAddDefectPage -->
        <test-method signature="fillDetails()[pri:2, instance:com.defects.tests.AddDefectTest@431cd9b2]" started-at="2021-10-11T11:33:28 IST" name="fillDetails" finished-at="2021-10-11T11:34:24 IST" duration-ms="56835" status="PASS">
          <reporter-output>
          </reporter-output>
        </test-method> <!-- fillDetails -->
      </class> <!-- com.defects.tests.AddDefectTest -->
      <class name="com.defects.tests.AttachmentsTest">
        <test-method is-config="true" signature="openDefect()[pri:0, instance:com.defects.tests.AttachmentsTest@5b7a7f33]" started-at="2021-10-11T11:35:23 IST" name="openDefect" finished-at="2021-10-11T11:35:46 IST" duration-ms="22498" status="PASS">
          <reporter-output>
          </reporter-output>
        </test-method> <!-- openDefect -->
        <test-method signature="attachmentsTabNavigate()[pri:1, instance:com.defects.tests.AttachmentsTest@5b7a7f33]" started-at="2021-10-11T11:35:46 IST" name="attachmentsTabNavigate" finished-at="2021-10-11T11:36:18 IST" duration-ms="31908" status="PASS">
          <reporter-output>
          </reporter-output>
        </test-method> <!-- attachmentsTabNavigate -->
        <test-method signature="test(java.util.Hashtable)[pri:2, instance:com.defects.tests.AttachmentsTest@5b7a7f33]" started-at="2021-10-11T11:36:19 IST" name="test" data-provider="fileUploadData" finished-at="2021-10-11T11:36:19 IST" duration-ms="84" status="PASS">
          <params>
            <param index="0">
              <value>
                <![CDATA[{FileName=uploadCheck.bmp, Format=BMP}]]>
              </value>
            </param>
          </params>
          <reporter-output>
          </reporter-output>
        </test-method> <!-- test -->
        <test-method signature="test(java.util.Hashtable)[pri:2, instance:com.defects.tests.AttachmentsTest@5b7a7f33]" started-at="2021-10-11T11:36:19 IST" name="test" data-provider="fileUploadData" finished-at="2021-10-11T11:36:19 IST" duration-ms="65" status="PASS">
          <params>
            <param index="0">
              <value>
                <![CDATA[{FileName=uploadCheck.doc, Format=DOC}]]>
              </value>
            </param>
          </params>
          <reporter-output>
          </reporter-output>
        </test-method> <!-- test -->
        <test-method signature="test(java.util.Hashtable)[pri:2, instance:com.defects.tests.AttachmentsTest@5b7a7f33]" started-at="2021-10-11T11:36:19 IST" name="test" data-provider="fileUploadData" finished-at="2021-10-11T11:36:22 IST" duration-ms="3067" status="PASS">
          <params>
            <param index="0">
              <value>
                <![CDATA[{FileName=uploadCheck.docx, Format=DOCX}]]>
              </value>
            </param>
          </params>
          <reporter-output>
          </reporter-output>
        </test-method> <!-- test -->
        <test-method signature="test(java.util.Hashtable)[pri:2, instance:com.defects.tests.AttachmentsTest@5b7a7f33]" started-at="2021-10-11T11:36:22 IST" name="test" data-provider="fileUploadData" finished-at="2021-10-11T11:36:22 IST" duration-ms="63" status="PASS">
          <params>
            <param index="0">
              <value>
                <![CDATA[{FileName=uploadCheck.jpeg, Format=JPEG}]]>
              </value>
            </param>
          </params>
          <reporter-output>
          </reporter-output>
        </test-method> <!-- test -->
        <test-method signature="test(java.util.Hashtable)[pri:2, instance:com.defects.tests.AttachmentsTest@5b7a7f33]" started-at="2021-10-11T11:36:22 IST" name="test" data-provider="fileUploadData" finished-at="2021-10-11T11:36:24 IST" duration-ms="1376" status="PASS">
          <params>
            <param index="0">
              <value>
                <![CDATA[{FileName=uploadCheck.jpg, Format=JPG}]]>
              </value>
            </param>
          </params>
          <reporter-output>
          </reporter-output>
        </test-method> <!-- test -->
        <test-method signature="test(java.util.Hashtable)[pri:2, instance:com.defects.tests.AttachmentsTest@5b7a7f33]" started-at="2021-10-11T11:36:24 IST" name="test" data-provider="fileUploadData" finished-at="2021-10-11T11:36:24 IST" duration-ms="58" status="PASS">
          <params>
            <param index="0">
              <value>
                <![CDATA[{FileName=uploadCheck.png, Format=PNG}]]>
              </value>
            </param>
          </params>
          <reporter-output>
          </reporter-output>
        </test-method> <!-- test -->
        <test-method signature="test(java.util.Hashtable)[pri:2, instance:com.defects.tests.AttachmentsTest@5b7a7f33]" started-at="2021-10-11T11:36:24 IST" name="test" data-provider="fileUploadData" finished-at="2021-10-11T11:36:25 IST" duration-ms="1438" status="PASS">
          <params>
            <param index="0">
              <value>
                <![CDATA[{FileName=uploadCheck.ppt, Format=PPT}]]>
              </value>
            </param>
          </params>
          <reporter-output>
          </reporter-output>
        </test-method> <!-- test -->
        <test-method signature="test(java.util.Hashtable)[pri:2, instance:com.defects.tests.AttachmentsTest@5b7a7f33]" started-at="2021-10-11T11:36:25 IST" name="test" data-provider="fileUploadData" finished-at="2021-10-11T11:36:25 IST" duration-ms="54" status="PASS">
          <params>
            <param index="0">
              <value>
                <![CDATA[{FileName=uploadCheck.pptx, Format=PPTX}]]>
              </value>
            </param>
          </params>
          <reporter-output>
          </reporter-output>
        </test-method> <!-- test -->
        <test-method signature="test(java.util.Hashtable)[pri:2, instance:com.defects.tests.AttachmentsTest@5b7a7f33]" started-at="2021-10-11T11:36:25 IST" name="test" data-provider="fileUploadData" finished-at="2021-10-11T11:36:27 IST" duration-ms="1725" status="PASS">
          <params>
            <param index="0">
              <value>
                <![CDATA[{FileName=uploadCheck.txt, Format=TXT}]]>
              </value>
            </param>
          </params>
          <reporter-output>
          </reporter-output>
        </test-method> <!-- test -->
        <test-method signature="test(java.util.Hashtable)[pri:2, instance:com.defects.tests.AttachmentsTest@5b7a7f33]" started-at="2021-10-11T11:36:27 IST" name="test" data-provider="fileUploadData" finished-at="2021-10-11T11:36:27 IST" duration-ms="62" status="PASS">
          <params>
            <param index="0">
              <value>
                <![CDATA[{FileName=uploadCheck.xls, Format=XLS}]]>
              </value>
            </param>
          </params>
          <reporter-output>
          </reporter-output>
        </test-method> <!-- test -->
        <test-method signature="test(java.util.Hashtable)[pri:2, instance:com.defects.tests.AttachmentsTest@5b7a7f33]" started-at="2021-10-11T11:36:27 IST" name="test" data-provider="fileUploadData" finished-at="2021-10-11T11:36:28 IST" duration-ms="1371" status="PASS">
          <params>
            <param index="0">
              <value>
                <![CDATA[{FileName=uploadCheck.xlsm, Format=XLSM}]]>
              </value>
            </param>
          </params>
          <reporter-output>
          </reporter-output>
        </test-method> <!-- test -->
        <test-method signature="test(java.util.Hashtable)[pri:2, instance:com.defects.tests.AttachmentsTest@5b7a7f33]" started-at="2021-10-11T11:36:28 IST" name="test" data-provider="fileUploadData" finished-at="2021-10-11T11:36:28 IST" duration-ms="56" status="PASS">
          <params>
            <param index="0">
              <value>
                <![CDATA[{FileName=uploadCheck.xlsx, Format=XLSX}]]>
              </value>
            </param>
          </params>
          <reporter-output>
          </reporter-output>
        </test-method> <!-- test -->
        <test-method signature="singleAttachmentDelete()[pri:3, instance:com.defects.tests.AttachmentsTest@5b7a7f33]" started-at="2021-10-11T11:36:28 IST" name="singleAttachmentDelete" finished-at="2021-10-11T11:36:43 IST" duration-ms="14427" status="PASS">
          <reporter-output>
          </reporter-output>
        </test-method> <!-- singleAttachmentDelete -->
        <test-method signature="allAttachmentDelete()[pri:4, instance:com.defects.tests.AttachmentsTest@5b7a7f33]" started-at="2021-10-11T11:36:43 IST" name="allAttachmentDelete" finished-at="2021-10-11T11:36:48 IST" duration-ms="5419" status="PASS">
          <reporter-output>
          </reporter-output>
        </test-method> <!-- allAttachmentDelete -->
      </class> <!-- com.defects.tests.AttachmentsTest -->
      <class name="com.defects.tests.TableViewTest">
        <test-method is-config="true" signature="openDefect()[pri:0, instance:com.defects.tests.TableViewTest@57bc27f5]" started-at="2021-10-11T11:38:50 IST" name="openDefect" finished-at="2021-10-11T11:38:50 IST" duration-ms="70" status="PASS">
          <reporter-output>
          </reporter-output>
        </test-method> <!-- openDefect -->
        <test-method signature="createInvalidTable()[pri:1, instance:com.defects.tests.TableViewTest@57bc27f5]" started-at="2021-10-11T11:38:50 IST" name="createInvalidTable" finished-at="2021-10-11T11:38:52 IST" duration-ms="2095" status="PASS">
          <reporter-output>
          </reporter-output>
        </test-method> <!-- createInvalidTable -->
        <test-method signature="createValidTable()[pri:2, instance:com.defects.tests.TableViewTest@57bc27f5]" started-at="2021-10-11T11:38:52 IST" name="createValidTable" finished-at="2021-10-11T11:38:56 IST" duration-ms="3677" status="PASS">
          <reporter-output>
          </reporter-output>
        </test-method> <!-- createValidTable -->
        <test-method signature="EditTable()[pri:3, instance:com.defects.tests.TableViewTest@57bc27f5]" started-at="2021-10-11T11:38:56 IST" name="EditTable" finished-at="2021-10-11T11:39:02 IST" duration-ms="5671" status="PASS">
          <reporter-output>
          </reporter-output>
        </test-method> <!-- EditTable -->
      </class> <!-- com.defects.tests.TableViewTest -->
      <class name="com.defects.tests.FiltersTest">
        <test-method is-config="true" signature="openDefect()[pri:0, instance:com.defects.tests.FiltersTest@5c7933ad]" started-at="2021-10-11T11:38:03 IST" name="openDefect" finished-at="2021-10-11T11:38:12 IST" duration-ms="8824" status="PASS">
          <reporter-output>
          </reporter-output>
        </test-method> <!-- openDefect -->
        <test-method signature="defectHomePageFunctionalities()[pri:3, instance:com.defects.tests.FiltersTest@5c7933ad]" started-at="2021-10-11T11:38:12 IST" name="defectHomePageFunctionalities" finished-at="2021-10-11T11:38:27 IST" duration-ms="14549" status="PASS">
          <reporter-output>
          </reporter-output>
        </test-method> <!-- defectHomePageFunctionalities -->
        <test-method signature="CreateInvalidFilter()[pri:4, instance:com.defects.tests.FiltersTest@5c7933ad]" started-at="2021-10-11T11:38:27 IST" name="CreateInvalidFilter" finished-at="2021-10-11T11:38:32 IST" duration-ms="5672" status="PASS">
          <reporter-output>
          </reporter-output>
        </test-method> <!-- CreateInvalidFilter -->
        <test-method signature="CreateFilter()[pri:5, instance:com.defects.tests.FiltersTest@5c7933ad]" started-at="2021-10-11T11:38:32 IST" name="CreateFilter" finished-at="2021-10-11T11:38:41 IST" duration-ms="8628" status="PASS">
          <reporter-output>
          </reporter-output>
        </test-method> <!-- CreateFilter -->
        <test-method signature="EditFilter()[pri:5, instance:com.defects.tests.FiltersTest@5c7933ad]" started-at="2021-10-11T11:38:41 IST" name="EditFilter" finished-at="2021-10-11T11:38:49 IST" duration-ms="8322" status="PASS">
          <reporter-output>
          </reporter-output>
        </test-method> <!-- EditFilter -->
        <test-method signature="clearFilter()[pri:6, instance:com.defects.tests.FiltersTest@5c7933ad]" started-at="2021-10-11T11:38:49 IST" name="clearFilter" finished-at="2021-10-11T11:38:50 IST" duration-ms="1031" status="PASS">
          <reporter-output>
          </reporter-output>
        </test-method> <!-- clearFilter -->
      </class> <!-- com.defects.tests.FiltersTest -->
      <class name="com.defects.tests.CommentsTest">
        <test-method is-config="true" signature="openDefect()[pri:0, instance:com.defects.tests.CommentsTest@38467116]" started-at="2021-10-11T11:34:24 IST" name="openDefect" finished-at="2021-10-11T11:34:45 IST" duration-ms="20098" status="PASS">
          <reporter-output>
          </reporter-output>
        </test-method> <!-- openDefect -->
        <test-method signature="navigateToCommentsTab()[pri:1, instance:com.defects.tests.CommentsTest@38467116]" started-at="2021-10-11T11:34:45 IST" name="navigateToCommentsTab" finished-at="2021-10-11T11:35:17 IST" duration-ms="32522" status="PASS">
          <reporter-output>
          </reporter-output>
        </test-method> <!-- navigateToCommentsTab -->
        <test-method signature="postComment()[pri:2, instance:com.defects.tests.CommentsTest@38467116]" started-at="2021-10-11T11:35:17 IST" name="postComment" finished-at="2021-10-11T11:35:20 IST" duration-ms="3012" status="PASS">
          <reporter-output>
          </reporter-output>
        </test-method> <!-- postComment -->
        <test-method signature="replyComment()[pri:3, instance:com.defects.tests.CommentsTest@38467116]" started-at="2021-10-11T11:35:20 IST" name="replyComment" finished-at="2021-10-11T11:35:23 IST" duration-ms="3141" status="PASS">
          <reporter-output>
          </reporter-output>
        </test-method> <!-- replyComment -->
      </class> <!-- com.defects.tests.CommentsTest -->
      <class name="com.defects.tests.PreviousVersionsTest">
        <test-method is-config="true" signature="openDefect()[pri:0, instance:com.defects.tests.PreviousVersionsTest@790da477]" started-at="2021-10-11T11:36:48 IST" name="openDefect" finished-at="2021-10-11T11:37:08 IST" duration-ms="20125" status="PASS">
          <reporter-output>
          </reporter-output>
        </test-method> <!-- openDefect -->
        <test-method signature="navigateToPreviousVersions()[pri:1, instance:com.defects.tests.PreviousVersionsTest@790da477]" started-at="2021-10-11T11:37:08 IST" name="navigateToPreviousVersions" finished-at="2021-10-11T11:37:41 IST" duration-ms="32723" status="PASS">
          <reporter-output>
          </reporter-output>
        </test-method> <!-- navigateToPreviousVersions -->
        <test-method signature="invalidVersionDifference()[pri:2, instance:com.defects.tests.PreviousVersionsTest@790da477]" started-at="2021-10-11T11:37:41 IST" name="invalidVersionDifference" finished-at="2021-10-11T11:37:44 IST" duration-ms="2662" status="PASS">
          <reporter-output>
          </reporter-output>
        </test-method> <!-- invalidVersionDifference -->
        <test-method signature="VersionDifference()[pri:3, instance:com.defects.tests.PreviousVersionsTest@790da477]" started-at="2021-10-11T11:37:44 IST" name="VersionDifference" finished-at="2021-10-11T11:38:03 IST" duration-ms="19440" status="PASS">
          <reporter-output>
          </reporter-output>
        </test-method> <!-- VersionDifference -->
      </class> <!-- com.defects.tests.PreviousVersionsTest -->
      <class name="com.defects.tests.LoginTest">
        <test-method is-config="true" signature="setup()[pri:0, instance:com.defects.tests.LoginTest@65f8f5ae]" started-at="2021-10-11T11:32:54 IST" name="setup" finished-at="2021-10-11T11:33:02 IST" duration-ms="7765" status="PASS">
          <reporter-output>
          </reporter-output>
        </test-method> <!-- setup -->
        <test-method signature="Login()[pri:1, instance:com.defects.tests.LoginTest@65f8f5ae]" started-at="2021-10-11T11:33:02 IST" name="Login" finished-at="2021-10-11T11:33:11 IST" duration-ms="8442" status="PASS">
          <reporter-output>
          </reporter-output>
        </test-method> <!-- Login -->
        <test-method signature="navigateToDefectsPage()[pri:2, instance:com.defects.tests.LoginTest@65f8f5ae]" started-at="2021-10-11T11:33:11 IST" name="navigateToDefectsPage" finished-at="2021-10-11T11:33:23 IST" duration-ms="12015" status="PASS">
          <reporter-output>
          </reporter-output>
        </test-method> <!-- navigateToDefectsPage -->
        <test-method is-config="true" signature="close()[pri:0, instance:com.defects.tests.LoginTest@65f8f5ae]" started-at="2021-10-11T11:39:02 IST" name="close" finished-at="2021-10-11T11:39:05 IST" duration-ms="3188" status="PASS">
          <reporter-output>
          </reporter-output>
        </test-method> <!-- close -->
      </class> <!-- com.defects.tests.LoginTest -->
    </test> <!-- smoke -->
  </suite> <!-- Smoke -->
</testng-results>
